\BOOKMARK [0][-]{chapter.1}{Installation}{}% 1
\BOOKMARK [1][-]{section.1.1}{Install BlenderVR}{chapter.1}% 2
\BOOKMARK [1][-]{section.1.2}{Install for Future blenderVR Developers}{chapter.1}% 3
\BOOKMARK [0][-]{chapter.2}{First Run}{}% 4
\BOOKMARK [1][-]{section.2.1}{Document Sections}{chapter.2}% 5
\BOOKMARK [1][-]{section.2.2}{Launch Blender-VR}{chapter.2}% 6
\BOOKMARK [1][-]{section.2.3}{Open the Simulation File}{chapter.2}% 7
\BOOKMARK [1][-]{section.2.4}{Edit the Configuration File}{chapter.2}% 8
\BOOKMARK [1][-]{section.2.5}{Run}{chapter.2}% 9
\BOOKMARK [0][-]{chapter.3}{How to Use}{}% 10
\BOOKMARK [1][-]{section.3.1}{User Interface}{chapter.3}% 11
\BOOKMARK [1][-]{section.3.2}{Processor File}{chapter.3}% 12
\BOOKMARK [1][-]{section.3.3}{Configuration File}{chapter.3}% 13
\BOOKMARK [1][-]{section.3.4}{Virtual Reality Private Network \(VRPN\)}{chapter.3}% 14
\BOOKMARK [1][-]{section.3.5}{Open Sound Control \(OSC\)}{chapter.3}% 15
\BOOKMARK [0][-]{chapter.4}{Architecture}{}% 16
\BOOKMARK [1][-]{section.4.1}{Master and Slaves}{chapter.4}% 17
\BOOKMARK [1][-]{section.4.2}{Notion of Vehicle}{chapter.4}% 18
\BOOKMARK [1][-]{section.4.3}{UI - Daemon Network Protocol}{chapter.4}% 19
\BOOKMARK [0][-]{chapter.5}{Development}{}% 20
\BOOKMARK [1][-]{section.5.1}{Links}{chapter.5}% 21
\BOOKMARK [1][-]{section.5.2}{Development Documents}{chapter.5}% 22
